<?xml version="1.0" encoding="UTF-8"?>
<testng-results ignored="0" total="7" passed="7" failed="0" skipped="0">
  <reporter-output>
  </reporter-output>
  <suite started-at="2023-07-02T18:12:47 IST" name="Default suite" finished-at="2023-07-02T18:13:00 IST" duration-ms="13569">
    <groups>
    </groups>
    <test started-at="2023-07-02T18:12:47 IST" name="Default test" finished-at="2023-07-02T18:13:00 IST" duration-ms="13569">
      <class name="ProjectsCTS.Hackathon.App">
        <test-method is-config="true" signature="InvokeChrome()[pri:0, instance:ProjectsCTS.Hackathon.App@479d31f3]" started-at="2023-07-02T18:12:47 IST" name="InvokeChrome" finished-at="2023-07-02T18:12:49 IST" duration-ms="1949" status="PASS">
          <reporter-output>
          </reporter-output>
        </test-method> <!-- InvokeChrome -->
        <test-method signature="navigate()[pri:0, instance:ProjectsCTS.Hackathon.App@479d31f3]" started-at="2023-07-02T18:12:49 IST" name="navigate" finished-at="2023-07-02T18:12:51 IST" duration-ms="2071" status="PASS">
          <reporter-output>
          </reporter-output>
        </test-method> <!-- navigate -->
        <test-method signature="SearchWatches()[pri:1, instance:ProjectsCTS.Hackathon.App@479d31f3]" started-at="2023-07-02T18:12:51 IST" name="SearchWatches" finished-at="2023-07-02T18:12:53 IST" duration-ms="2303" status="PASS">
          <reporter-output>
          </reporter-output>
        </test-method> <!-- SearchWatches -->
        <test-method signature="Analogue()[pri:2, instance:ProjectsCTS.Hackathon.App@479d31f3]" started-at="2023-07-02T18:12:53 IST" name="Analogue" finished-at="2023-07-02T18:12:55 IST" duration-ms="1899" status="PASS">
          <reporter-output>
          </reporter-output>
        </test-method> <!-- Analogue -->
        <test-method signature="Leather()[pri:3, instance:ProjectsCTS.Hackathon.App@479d31f3]" started-at="2023-07-02T18:12:55 IST" name="Leather" finished-at="2023-07-02T18:12:57 IST" duration-ms="1982" status="PASS">
          <reporter-output>
          </reporter-output>
        </test-method> <!-- Leather -->
        <test-method signature="Titan()[pri:4, instance:ProjectsCTS.Hackathon.App@479d31f3]" started-at="2023-07-02T18:12:57 IST" name="Titan" finished-at="2023-07-02T18:12:57 IST" duration-ms="360" status="PASS">
          <reporter-output>
          </reporter-output>
        </test-method> <!-- Titan -->
        <test-method signature="discount()[pri:5, instance:ProjectsCTS.Hackathon.App@479d31f3]" started-at="2023-07-02T18:12:57 IST" name="discount" finished-at="2023-07-02T18:12:59 IST" duration-ms="1584" status="PASS">
          <reporter-output>
          </reporter-output>
        </test-method> <!-- discount -->
        <test-method signature="Retrieve5()[pri:6, instance:ProjectsCTS.Hackathon.App@479d31f3]" started-at="2023-07-02T18:12:59 IST" name="Retrieve5" finished-at="2023-07-02T18:13:00 IST" duration-ms="1143" status="PASS">
          <reporter-output>
          </reporter-output>
        </test-method> <!-- Retrieve5 -->
        <test-method is-config="true" signature="close()[pri:0, instance:ProjectsCTS.Hackathon.App@479d31f3]" started-at="2023-07-02T18:13:00 IST" name="close" finished-at="2023-07-02T18:13:00 IST" duration-ms="240" status="PASS">
          <reporter-output>
          </reporter-output>
        </test-method> <!-- close -->
      </class> <!-- ProjectsCTS.Hackathon.App -->
    </test> <!-- Default test -->
  </suite> <!-- Default suite -->
</testng-results>
