<?xml version="1.0" encoding="UTF-8"?>
<!-- Generated by org.testng.reporters.JUnitXMLReporter -->
<testsuite ignored="0" hostname="LAPTOP-BLLRRDRL" failures="0" tests="7" name="Default test" time="13.569" errors="0" timestamp="2023-07-02T18:13:00 IST">
  <testcase classname="ProjectsCTS.Hackathon.App" name="navigate" time="2.071"/>
  <testcase classname="ProjectsCTS.Hackathon.App" name="SearchWatches" time="2.303"/>
  <testcase classname="ProjectsCTS.Hackathon.App" name="Analogue" time="1.899"/>
  <testcase classname="ProjectsCTS.Hackathon.App" name="Leather" time="1.982"/>
  <testcase classname="ProjectsCTS.Hackathon.App" name="Titan" time="0.36"/>
  <testcase classname="ProjectsCTS.Hackathon.App" name="discount" time="1.584"/>
  <testcase classname="ProjectsCTS.Hackathon.App" name="Retrieve5" time="1.143"/>
</testsuite> <!-- Default test -->
